[2025-01-31 15:53:50] local.ERROR: View [auth.login] not found. {"exception":"[object] (InvalidArgumentException(code: 0): View [auth.login] not found. at /Users/farhat/WorkSpaces/LaravelWorkSpace/investor-portal - CustomziedLoginSignup/vendor/laravel/framework/src/Illuminate/View/FileViewFinder.php:139)
[stacktrace]
#0 /Users/farhat/WorkSpaces/LaravelWorkSpace/investor-portal - CustomziedLoginSignup/vendor/laravel/framework/src/Illuminate/View/FileViewFinder.php(79): Illuminate\\View\\FileViewFinder->findInPaths('auth.login', Array)
#1 /Users/farhat/WorkSpaces/LaravelWorkSpace/investor-portal - CustomziedLoginSignup/vendor/laravel/framework/src/Illuminate/View/Factory.php(151): Illuminate\\View\\FileViewFinder->find('auth.login')
#2 /Users/farhat/WorkSpaces/LaravelWorkSpace/investor-portal - CustomziedLoginSignup/vendor/laravel/framework/src/Illuminate/Foundation/helpers.php(1062): Illuminate\\View\\Factory->make('auth.login', Array, Array)
#3 /Users/farhat/WorkSpaces/LaravelWorkSpace/investor-portal - CustomziedLoginSignup/app/Http/Controllers/Auth/AuthenticatedSessionController.php(19): view('auth.login')
#4 /Users/farhat/WorkSpaces/LaravelWorkSpace/investor-portal - CustomziedLoginSignup/vendor/laravel/framework/src/Illuminate/Routing/ControllerDispatcher.php(46): App\\Http\\Controllers\\Auth\\AuthenticatedSessionController->create()
#5 /Users/farhat/WorkSpaces/LaravelWorkSpace/investor-portal - CustomziedLoginSignup/vendor/laravel/framework/src/Illuminate/Routing/Route.php(265): Illuminate\\Routing\\ControllerDispatcher->dispatch(Object(Illuminate\\Routing\\Route), Object(App\\Http\\Controllers\\Auth\\AuthenticatedSessionController), 'create')
#6 /Users/farhat/WorkSpaces/LaravelWorkSpace/investor-portal - CustomziedLoginSignup/vendor/laravel/framework/src/Illuminate/Routing/Route.php(211): Illuminate\\Routing\\Route->runController()
#7 /Users/farhat/WorkSpaces/LaravelWorkSpace/investor-portal - CustomziedLoginSignup/vendor/laravel/framework/src/Illuminate/Routing/Router.php(808): Illuminate\\Routing\\Route->run()
#8 /Users/farhat/WorkSpaces/LaravelWorkSpace/investor-portal - CustomziedLoginSignup/vendor/laravel/framework/src/Illuminate/Pipeline/Pipeline.php(144): Illuminate\\Routing\\Router->{closure:Illuminate\\Routing\\Router::runRouteWithinStack():807}(Object(Illuminate\\Http\\Request))
#9 /Users/farhat/WorkSpaces/LaravelWorkSpace/investor-portal - CustomziedLoginSignup/vendor/laravel/framework/src/Illuminate/Auth/Middleware/RedirectIfAuthenticated.php(35): Illuminate\\Pipeline\\Pipeline->{closure:Illuminate\\Pipeline\\Pipeline::prepareDestination():142}(Object(Illuminate\\Http\\Request))
#10 /Users/farhat/WorkSpaces/LaravelWorkSpace/investor-portal - CustomziedLoginSignup/vendor/laravel/framework/src/Illuminate/Pipeline/Pipeline.php(183): Illuminate\\Auth\\Middleware\\RedirectIfAuthenticated->handle(Object(Illuminate\\Http\\Request), Object(Closure))
#11 /Users/farhat/WorkSpaces/LaravelWorkSpace/investor-portal - CustomziedLoginSignup/vendor/laravel/framework/src/Illuminate/Routing/Middleware/SubstituteBindings.php(51): Illuminate\\Pipeline\\Pipeline->{closure:{closure:Illuminate\\Pipeline\\Pipeline::carry():158}:159}(Object(Illuminate\\Http\\Request))
#12 /Users/farhat/WorkSpaces/LaravelWorkSpace/investor-portal - CustomziedLoginSignup/vendor/laravel/framework/src/Illuminate/Pipeline/Pipeline.php(183): Illuminate\\Routing\\Middleware\\SubstituteBindings->handle(Object(Illuminate\\Http\\Request), Object(Closure))
#13 /Users/farhat/WorkSpaces/LaravelWorkSpace/investor-portal - CustomziedLoginSignup/vendor/laravel/framework/src/Illuminate/Foundation/Http/Middleware/VerifyCsrfToken.php(88): Illuminate\\Pipeline\\Pipeline->{closure:{closure:Illuminate\\Pipeline\\Pipeline::carry():158}:159}(Object(Illuminate\\Http\\Request))
#14 /Users/farhat/WorkSpaces/LaravelWorkSpace/investor-portal - CustomziedLoginSignup/vendor/laravel/framework/src/Illuminate/Pipeline/Pipeline.php(183): Illuminate\\Foundation\\Http\\Middleware\\VerifyCsrfToken->handle(Object(Illuminate\\Http\\Request), Object(Closure))
#15 /Users/farhat/WorkSpaces/LaravelWorkSpace/investor-portal - CustomziedLoginSignup/vendor/laravel/framework/src/Illuminate/View/Middleware/ShareErrorsFromSession.php(49): Illuminate\\Pipeline\\Pipeline->{closure:{closure:Illuminate\\Pipeline\\Pipeline::carry():158}:159}(Object(Illuminate\\Http\\Request))
#16 /Users/farhat/WorkSpaces/LaravelWorkSpace/investor-portal - CustomziedLoginSignup/vendor/laravel/framework/src/Illuminate/Pipeline/Pipeline.php(183): Illuminate\\View\\Middleware\\ShareErrorsFromSession->handle(Object(Illuminate\\Http\\Request), Object(Closure))
#17 /Users/farhat/WorkSpaces/LaravelWorkSpace/investor-portal - CustomziedLoginSignup/vendor/laravel/framework/src/Illuminate/Session/Middleware/StartSession.php(121): Illuminate\\Pipeline\\Pipeline->{closure:{closure:Illuminate\\Pipeline\\Pipeline::carry():158}:159}(Object(Illuminate\\Http\\Request))
#18 /Users/farhat/WorkSpaces/LaravelWorkSpace/investor-portal - CustomziedLoginSignup/vendor/laravel/framework/src/Illuminate/Session/Middleware/StartSession.php(64): Illuminate\\Session\\Middleware\\StartSession->handleStatefulRequest(Object(Illuminate\\Http\\Request), Object(Illuminate\\Session\\Store), Object(Closure))
#19 /Users/farhat/WorkSpaces/LaravelWorkSpace/investor-portal - CustomziedLoginSignup/vendor/laravel/framework/src/Illuminate/Pipeline/Pipeline.php(183): Illuminate\\Session\\Middleware\\StartSession->handle(Object(Illuminate\\Http\\Request), Object(Closure))
#20 /Users/farhat/WorkSpaces/LaravelWorkSpace/investor-portal - CustomziedLoginSignup/vendor/laravel/framework/src/Illuminate/Cookie/Middleware/AddQueuedCookiesToResponse.php(37): Illuminate\\Pipeline\\Pipeline->{closure:{closure:Illuminate\\Pipeline\\Pipeline::carry():158}:159}(Object(Illuminate\\Http\\Request))
#21 /Users/farhat/WorkSpaces/LaravelWorkSpace/investor-portal - CustomziedLoginSignup/vendor/laravel/framework/src/Illuminate/Pipeline/Pipeline.php(183): Illuminate\\Cookie\\Middleware\\AddQueuedCookiesToResponse->handle(Object(Illuminate\\Http\\Request), Object(Closure))
#22 /Users/farhat/WorkSpaces/LaravelWorkSpace/investor-portal - CustomziedLoginSignup/vendor/laravel/framework/src/Illuminate/Cookie/Middleware/EncryptCookies.php(75): Illuminate\\Pipeline\\Pipeline->{closure:{closure:Illuminate\\Pipeline\\Pipeline::carry():158}:159}(Object(Illuminate\\Http\\Request))
#23 /Users/farhat/WorkSpaces/LaravelWorkSpace/investor-portal - CustomziedLoginSignup/vendor/laravel/framework/src/Illuminate/Pipeline/Pipeline.php(183): Illuminate\\Cookie\\Middleware\\EncryptCookies->handle(Object(Illuminate\\Http\\Request), Object(Closure))
#24 /Users/farhat/WorkSpaces/LaravelWorkSpace/investor-portal - CustomziedLoginSignup/vendor/laravel/framework/src/Illuminate/Pipeline/Pipeline.php(119): Illuminate\\Pipeline\\Pipeline->{closure:{closure:Illuminate\\Pipeline\\Pipeline::carry():158}:159}(Object(Illuminate\\Http\\Request))
#25 /Users/farhat/WorkSpaces/LaravelWorkSpace/investor-portal - CustomziedLoginSignup/vendor/laravel/framework/src/Illuminate/Routing/Router.php(807): Illuminate\\Pipeline\\Pipeline->then(Object(Closure))
#26 /Users/farhat/WorkSpaces/LaravelWorkSpace/investor-portal - CustomziedLoginSignup/vendor/laravel/framework/src/Illuminate/Routing/Router.php(786): Illuminate\\Routing\\Router->runRouteWithinStack(Object(Illuminate\\Routing\\Route), Object(Illuminate\\Http\\Request))
#27 /Users/farhat/WorkSpaces/LaravelWorkSpace/investor-portal - CustomziedLoginSignup/vendor/laravel/framework/src/Illuminate/Routing/Router.php(750): Illuminate\\Routing\\Router->runRoute(Object(Illuminate\\Http\\Request), Object(Illuminate\\Routing\\Route))
#28 /Users/farhat/WorkSpaces/LaravelWorkSpace/investor-portal - CustomziedLoginSignup/vendor/laravel/framework/src/Illuminate/Routing/Router.php(739): Illuminate\\Routing\\Router->dispatchToRoute(Object(Illuminate\\Http\\Request))
#29 /Users/farhat/WorkSpaces/LaravelWorkSpace/investor-portal - CustomziedLoginSignup/vendor/laravel/framework/src/Illuminate/Foundation/Http/Kernel.php(201): Illuminate\\Routing\\Router->dispatch(Object(Illuminate\\Http\\Request))
#30 /Users/farhat/WorkSpaces/LaravelWorkSpace/investor-portal - CustomziedLoginSignup/vendor/laravel/framework/src/Illuminate/Pipeline/Pipeline.php(144): Illuminate\\Foundation\\Http\\Kernel->{closure:Illuminate\\Foundation\\Http\\Kernel::dispatchToRouter():198}(Object(Illuminate\\Http\\Request))
#31 /Users/farhat/WorkSpaces/LaravelWorkSpace/investor-portal - CustomziedLoginSignup/vendor/laravel/framework/src/Illuminate/Foundation/Http/Middleware/TransformsRequest.php(21): Illuminate\\Pipeline\\Pipeline->{closure:Illuminate\\Pipeline\\Pipeline::prepareDestination():142}(Object(Illuminate\\Http\\Request))
#32 /Users/farhat/WorkSpaces/LaravelWorkSpace/investor-portal - CustomziedLoginSignup/vendor/laravel/framework/src/Illuminate/Foundation/Http/Middleware/ConvertEmptyStringsToNull.php(31): Illuminate\\Foundation\\Http\\Middleware\\TransformsRequest->handle(Object(Illuminate\\Http\\Request), Object(Closure))
#33 /Users/farhat/WorkSpaces/LaravelWorkSpace/investor-portal - CustomziedLoginSignup/vendor/laravel/framework/src/Illuminate/Pipeline/Pipeline.php(183): Illuminate\\Foundation\\Http\\Middleware\\ConvertEmptyStringsToNull->handle(Object(Illuminate\\Http\\Request), Object(Closure))
#34 /Users/farhat/WorkSpaces/LaravelWorkSpace/investor-portal - CustomziedLoginSignup/vendor/laravel/framework/src/Illuminate/Foundation/Http/Middleware/TransformsRequest.php(21): Illuminate\\Pipeline\\Pipeline->{closure:{closure:Illuminate\\Pipeline\\Pipeline::carry():158}:159}(Object(Illuminate\\Http\\Request))
#35 /Users/farhat/WorkSpaces/LaravelWorkSpace/investor-portal - CustomziedLoginSignup/vendor/laravel/framework/src/Illuminate/Foundation/Http/Middleware/TrimStrings.php(51): Illuminate\\Foundation\\Http\\Middleware\\TransformsRequest->handle(Object(Illuminate\\Http\\Request), Object(Closure))
#36 /Users/farhat/WorkSpaces/LaravelWorkSpace/investor-portal - CustomziedLoginSignup/vendor/laravel/framework/src/Illuminate/Pipeline/Pipeline.php(183): Illuminate\\Foundation\\Http\\Middleware\\TrimStrings->handle(Object(Illuminate\\Http\\Request), Object(Closure))
#37 /Users/farhat/WorkSpaces/LaravelWorkSpace/investor-portal - CustomziedLoginSignup/vendor/laravel/framework/src/Illuminate/Http/Middleware/ValidatePostSize.php(27): Illuminate\\Pipeline\\Pipeline->{closure:{closure:Illuminate\\Pipeline\\Pipeline::carry():158}:159}(Object(Illuminate\\Http\\Request))
#38 /Users/farhat/WorkSpaces/LaravelWorkSpace/investor-portal - CustomziedLoginSignup/vendor/laravel/framework/src/Illuminate/Pipeline/Pipeline.php(183): Illuminate\\Http\\Middleware\\ValidatePostSize->handle(Object(Illuminate\\Http\\Request), Object(Closure))
#39 /Users/farhat/WorkSpaces/LaravelWorkSpace/investor-portal - CustomziedLoginSignup/vendor/laravel/framework/src/Illuminate/Foundation/Http/Middleware/PreventRequestsDuringMaintenance.php(110): Illuminate\\Pipeline\\Pipeline->{closure:{closure:Illuminate\\Pipeline\\Pipeline::carry():158}:159}(Object(Illuminate\\Http\\Request))
#40 /Users/farhat/WorkSpaces/LaravelWorkSpace/investor-portal - CustomziedLoginSignup/vendor/laravel/framework/src/Illuminate/Pipeline/Pipeline.php(183): Illuminate\\Foundation\\Http\\Middleware\\PreventRequestsDuringMaintenance->handle(Object(Illuminate\\Http\\Request), Object(Closure))
#41 /Users/farhat/WorkSpaces/LaravelWorkSpace/investor-portal - CustomziedLoginSignup/vendor/laravel/framework/src/Illuminate/Http/Middleware/HandleCors.php(49): Illuminate\\Pipeline\\Pipeline->{closure:{closure:Illuminate\\Pipeline\\Pipeline::carry():158}:159}(Object(Illuminate\\Http\\Request))
#42 /Users/farhat/WorkSpaces/LaravelWorkSpace/investor-portal - CustomziedLoginSignup/vendor/laravel/framework/src/Illuminate/Pipeline/Pipeline.php(183): Illuminate\\Http\\Middleware\\HandleCors->handle(Object(Illuminate\\Http\\Request), Object(Closure))
#43 /Users/farhat/WorkSpaces/LaravelWorkSpace/investor-portal - CustomziedLoginSignup/vendor/laravel/framework/src/Illuminate/Http/Middleware/TrustProxies.php(58): Illuminate\\Pipeline\\Pipeline->{closure:{closure:Illuminate\\Pipeline\\Pipeline::carry():158}:159}(Object(Illuminate\\Http\\Request))
#44 /Users/farhat/WorkSpaces/LaravelWorkSpace/investor-portal - CustomziedLoginSignup/vendor/laravel/framework/src/Illuminate/Pipeline/Pipeline.php(183): Illuminate\\Http\\Middleware\\TrustProxies->handle(Object(Illuminate\\Http\\Request), Object(Closure))
#45 /Users/farhat/WorkSpaces/LaravelWorkSpace/investor-portal - CustomziedLoginSignup/vendor/laravel/framework/src/Illuminate/Foundation/Http/Middleware/InvokeDeferredCallbacks.php(22): Illuminate\\Pipeline\\Pipeline->{closure:{closure:Illuminate\\Pipeline\\Pipeline::carry():158}:159}(Object(Illuminate\\Http\\Request))
#46 /Users/farhat/WorkSpaces/LaravelWorkSpace/investor-portal - CustomziedLoginSignup/vendor/laravel/framework/src/Illuminate/Pipeline/Pipeline.php(183): Illuminate\\Foundation\\Http\\Middleware\\InvokeDeferredCallbacks->handle(Object(Illuminate\\Http\\Request), Object(Closure))
#47 /Users/farhat/WorkSpaces/LaravelWorkSpace/investor-portal - CustomziedLoginSignup/vendor/laravel/framework/src/Illuminate/Pipeline/Pipeline.php(119): Illuminate\\Pipeline\\Pipeline->{closure:{closure:Illuminate\\Pipeline\\Pipeline::carry():158}:159}(Object(Illuminate\\Http\\Request))
#48 /Users/farhat/WorkSpaces/LaravelWorkSpace/investor-portal - CustomziedLoginSignup/vendor/laravel/framework/src/Illuminate/Foundation/Http/Kernel.php(176): Illuminate\\Pipeline\\Pipeline->then(Object(Closure))
#49 /Users/farhat/WorkSpaces/LaravelWorkSpace/investor-portal - CustomziedLoginSignup/vendor/laravel/framework/src/Illuminate/Foundation/Http/Kernel.php(145): Illuminate\\Foundation\\Http\\Kernel->sendRequestThroughRouter(Object(Illuminate\\Http\\Request))
#50 /Users/farhat/WorkSpaces/LaravelWorkSpace/investor-portal - CustomziedLoginSignup/vendor/laravel/framework/src/Illuminate/Foundation/Application.php(1190): Illuminate\\Foundation\\Http\\Kernel->handle(Object(Illuminate\\Http\\Request))
#51 /Users/farhat/WorkSpaces/LaravelWorkSpace/investor-portal - CustomziedLoginSignup/public/index.php(17): Illuminate\\Foundation\\Application->handleRequest(Object(Illuminate\\Http\\Request))
#52 /Users/farhat/WorkSpaces/LaravelWorkSpace/investor-portal - CustomziedLoginSignup/vendor/laravel/framework/src/Illuminate/Foundation/resources/server.php(23): require_once('/Users/farhat/W...')
#53 {main}
"} 
[2025-02-08 22:51:20] local.ERROR: View [auth.login] not found. {"exception":"[object] (InvalidArgumentException(code: 0): View [auth.login] not found. at /Users/farhat/WorkSpaces/LaravelWorkSpace/investor-portal - CustomziedLoginSignup/vendor/laravel/framework/src/Illuminate/View/FileViewFinder.php:139)
[stacktrace]
#0 /Users/farhat/WorkSpaces/LaravelWorkSpace/investor-portal - CustomziedLoginSignup/vendor/laravel/framework/src/Illuminate/View/FileViewFinder.php(79): Illuminate\\View\\FileViewFinder->findInPaths('auth.login', Array)
#1 /Users/farhat/WorkSpaces/LaravelWorkSpace/investor-portal - CustomziedLoginSignup/vendor/laravel/framework/src/Illuminate/View/Factory.php(151): Illuminate\\View\\FileViewFinder->find('auth.login')
#2 /Users/farhat/WorkSpaces/LaravelWorkSpace/investor-portal - CustomziedLoginSignup/vendor/laravel/framework/src/Illuminate/Foundation/helpers.php(1062): Illuminate\\View\\Factory->make('auth.login', Array, Array)
#3 /Users/farhat/WorkSpaces/LaravelWorkSpace/investor-portal - CustomziedLoginSignup/app/Http/Controllers/Auth/AuthenticatedSessionController.php(19): view('auth.login')
#4 /Users/farhat/WorkSpaces/LaravelWorkSpace/investor-portal - CustomziedLoginSignup/vendor/laravel/framework/src/Illuminate/Routing/ControllerDispatcher.php(46): App\\Http\\Controllers\\Auth\\AuthenticatedSessionController->create()
#5 /Users/farhat/WorkSpaces/LaravelWorkSpace/investor-portal - CustomziedLoginSignup/vendor/laravel/framework/src/Illuminate/Routing/Route.php(265): Illuminate\\Routing\\ControllerDispatcher->dispatch(Object(Illuminate\\Routing\\Route), Object(App\\Http\\Controllers\\Auth\\AuthenticatedSessionController), 'create')
#6 /Users/farhat/WorkSpaces/LaravelWorkSpace/investor-portal - CustomziedLoginSignup/vendor/laravel/framework/src/Illuminate/Routing/Route.php(211): Illuminate\\Routing\\Route->runController()
#7 /Users/farhat/WorkSpaces/LaravelWorkSpace/investor-portal - CustomziedLoginSignup/vendor/laravel/framework/src/Illuminate/Routing/Router.php(808): Illuminate\\Routing\\Route->run()
#8 /Users/farhat/WorkSpaces/LaravelWorkSpace/investor-portal - CustomziedLoginSignup/vendor/laravel/framework/src/Illuminate/Pipeline/Pipeline.php(144): Illuminate\\Routing\\Router->{closure:Illuminate\\Routing\\Router::runRouteWithinStack():807}(Object(Illuminate\\Http\\Request))
#9 /Users/farhat/WorkSpaces/LaravelWorkSpace/investor-portal - CustomziedLoginSignup/vendor/laravel/framework/src/Illuminate/Auth/Middleware/RedirectIfAuthenticated.php(35): Illuminate\\Pipeline\\Pipeline->{closure:Illuminate\\Pipeline\\Pipeline::prepareDestination():142}(Object(Illuminate\\Http\\Request))
#10 /Users/farhat/WorkSpaces/LaravelWorkSpace/investor-portal - CustomziedLoginSignup/vendor/laravel/framework/src/Illuminate/Pipeline/Pipeline.php(183): Illuminate\\Auth\\Middleware\\RedirectIfAuthenticated->handle(Object(Illuminate\\Http\\Request), Object(Closure))
#11 /Users/farhat/WorkSpaces/LaravelWorkSpace/investor-portal - CustomziedLoginSignup/vendor/laravel/framework/src/Illuminate/Routing/Middleware/SubstituteBindings.php(51): Illuminate\\Pipeline\\Pipeline->{closure:{closure:Illuminate\\Pipeline\\Pipeline::carry():158}:159}(Object(Illuminate\\Http\\Request))
#12 /Users/farhat/WorkSpaces/LaravelWorkSpace/investor-portal - CustomziedLoginSignup/vendor/laravel/framework/src/Illuminate/Pipeline/Pipeline.php(183): Illuminate\\Routing\\Middleware\\SubstituteBindings->handle(Object(Illuminate\\Http\\Request), Object(Closure))
#13 /Users/farhat/WorkSpaces/LaravelWorkSpace/investor-portal - CustomziedLoginSignup/vendor/laravel/framework/src/Illuminate/Foundation/Http/Middleware/VerifyCsrfToken.php(88): Illuminate\\Pipeline\\Pipeline->{closure:{closure:Illuminate\\Pipeline\\Pipeline::carry():158}:159}(Object(Illuminate\\Http\\Request))
#14 /Users/farhat/WorkSpaces/LaravelWorkSpace/investor-portal - CustomziedLoginSignup/vendor/laravel/framework/src/Illuminate/Pipeline/Pipeline.php(183): Illuminate\\Foundation\\Http\\Middleware\\VerifyCsrfToken->handle(Object(Illuminate\\Http\\Request), Object(Closure))
#15 /Users/farhat/WorkSpaces/LaravelWorkSpace/investor-portal - CustomziedLoginSignup/vendor/laravel/framework/src/Illuminate/View/Middleware/ShareErrorsFromSession.php(49): Illuminate\\Pipeline\\Pipeline->{closure:{closure:Illuminate\\Pipeline\\Pipeline::carry():158}:159}(Object(Illuminate\\Http\\Request))
#16 /Users/farhat/WorkSpaces/LaravelWorkSpace/investor-portal - CustomziedLoginSignup/vendor/laravel/framework/src/Illuminate/Pipeline/Pipeline.php(183): Illuminate\\View\\Middleware\\ShareErrorsFromSession->handle(Object(Illuminate\\Http\\Request), Object(Closure))
#17 /Users/farhat/WorkSpaces/LaravelWorkSpace/investor-portal - CustomziedLoginSignup/vendor/laravel/framework/src/Illuminate/Session/Middleware/StartSession.php(121): Illuminate\\Pipeline\\Pipeline->{closure:{closure:Illuminate\\Pipeline\\Pipeline::carry():158}:159}(Object(Illuminate\\Http\\Request))
#18 /Users/farhat/WorkSpaces/LaravelWorkSpace/investor-portal - CustomziedLoginSignup/vendor/laravel/framework/src/Illuminate/Session/Middleware/StartSession.php(64): Illuminate\\Session\\Middleware\\StartSession->handleStatefulRequest(Object(Illuminate\\Http\\Request), Object(Illuminate\\Session\\Store), Object(Closure))
#19 /Users/farhat/WorkSpaces/LaravelWorkSpace/investor-portal - CustomziedLoginSignup/vendor/laravel/framework/src/Illuminate/Pipeline/Pipeline.php(183): Illuminate\\Session\\Middleware\\StartSession->handle(Object(Illuminate\\Http\\Request), Object(Closure))
#20 /Users/farhat/WorkSpaces/LaravelWorkSpace/investor-portal - CustomziedLoginSignup/vendor/laravel/framework/src/Illuminate/Cookie/Middleware/AddQueuedCookiesToResponse.php(37): Illuminate\\Pipeline\\Pipeline->{closure:{closure:Illuminate\\Pipeline\\Pipeline::carry():158}:159}(Object(Illuminate\\Http\\Request))
#21 /Users/farhat/WorkSpaces/LaravelWorkSpace/investor-portal - CustomziedLoginSignup/vendor/laravel/framework/src/Illuminate/Pipeline/Pipeline.php(183): Illuminate\\Cookie\\Middleware\\AddQueuedCookiesToResponse->handle(Object(Illuminate\\Http\\Request), Object(Closure))
#22 /Users/farhat/WorkSpaces/LaravelWorkSpace/investor-portal - CustomziedLoginSignup/vendor/laravel/framework/src/Illuminate/Cookie/Middleware/EncryptCookies.php(75): Illuminate\\Pipeline\\Pipeline->{closure:{closure:Illuminate\\Pipeline\\Pipeline::carry():158}:159}(Object(Illuminate\\Http\\Request))
#23 /Users/farhat/WorkSpaces/LaravelWorkSpace/investor-portal - CustomziedLoginSignup/vendor/laravel/framework/src/Illuminate/Pipeline/Pipeline.php(183): Illuminate\\Cookie\\Middleware\\EncryptCookies->handle(Object(Illuminate\\Http\\Request), Object(Closure))
#24 /Users/farhat/WorkSpaces/LaravelWorkSpace/investor-portal - CustomziedLoginSignup/vendor/laravel/framework/src/Illuminate/Pipeline/Pipeline.php(119): Illuminate\\Pipeline\\Pipeline->{closure:{closure:Illuminate\\Pipeline\\Pipeline::carry():158}:159}(Object(Illuminate\\Http\\Request))
#25 /Users/farhat/WorkSpaces/LaravelWorkSpace/investor-portal - CustomziedLoginSignup/vendor/laravel/framework/src/Illuminate/Routing/Router.php(807): Illuminate\\Pipeline\\Pipeline->then(Object(Closure))
#26 /Users/farhat/WorkSpaces/LaravelWorkSpace/investor-portal - CustomziedLoginSignup/vendor/laravel/framework/src/Illuminate/Routing/Router.php(786): Illuminate\\Routing\\Router->runRouteWithinStack(Object(Illuminate\\Routing\\Route), Object(Illuminate\\Http\\Request))
#27 /Users/farhat/WorkSpaces/LaravelWorkSpace/investor-portal - CustomziedLoginSignup/vendor/laravel/framework/src/Illuminate/Routing/Router.php(750): Illuminate\\Routing\\Router->runRoute(Object(Illuminate\\Http\\Request), Object(Illuminate\\Routing\\Route))
#28 /Users/farhat/WorkSpaces/LaravelWorkSpace/investor-portal - CustomziedLoginSignup/vendor/laravel/framework/src/Illuminate/Routing/Router.php(739): Illuminate\\Routing\\Router->dispatchToRoute(Object(Illuminate\\Http\\Request))
#29 /Users/farhat/WorkSpaces/LaravelWorkSpace/investor-portal - CustomziedLoginSignup/vendor/laravel/framework/src/Illuminate/Foundation/Http/Kernel.php(201): Illuminate\\Routing\\Router->dispatch(Object(Illuminate\\Http\\Request))
#30 /Users/farhat/WorkSpaces/LaravelWorkSpace/investor-portal - CustomziedLoginSignup/vendor/laravel/framework/src/Illuminate/Pipeline/Pipeline.php(144): Illuminate\\Foundation\\Http\\Kernel->{closure:Illuminate\\Foundation\\Http\\Kernel::dispatchToRouter():198}(Object(Illuminate\\Http\\Request))
#31 /Users/farhat/WorkSpaces/LaravelWorkSpace/investor-portal - CustomziedLoginSignup/vendor/laravel/framework/src/Illuminate/Foundation/Http/Middleware/TransformsRequest.php(21): Illuminate\\Pipeline\\Pipeline->{closure:Illuminate\\Pipeline\\Pipeline::prepareDestination():142}(Object(Illuminate\\Http\\Request))
#32 /Users/farhat/WorkSpaces/LaravelWorkSpace/investor-portal - CustomziedLoginSignup/vendor/laravel/framework/src/Illuminate/Foundation/Http/Middleware/ConvertEmptyStringsToNull.php(31): Illuminate\\Foundation\\Http\\Middleware\\TransformsRequest->handle(Object(Illuminate\\Http\\Request), Object(Closure))
#33 /Users/farhat/WorkSpaces/LaravelWorkSpace/investor-portal - CustomziedLoginSignup/vendor/laravel/framework/src/Illuminate/Pipeline/Pipeline.php(183): Illuminate\\Foundation\\Http\\Middleware\\ConvertEmptyStringsToNull->handle(Object(Illuminate\\Http\\Request), Object(Closure))
#34 /Users/farhat/WorkSpaces/LaravelWorkSpace/investor-portal - CustomziedLoginSignup/vendor/laravel/framework/src/Illuminate/Foundation/Http/Middleware/TransformsRequest.php(21): Illuminate\\Pipeline\\Pipeline->{closure:{closure:Illuminate\\Pipeline\\Pipeline::carry():158}:159}(Object(Illuminate\\Http\\Request))
#35 /Users/farhat/WorkSpaces/LaravelWorkSpace/investor-portal - CustomziedLoginSignup/vendor/laravel/framework/src/Illuminate/Foundation/Http/Middleware/TrimStrings.php(51): Illuminate\\Foundation\\Http\\Middleware\\TransformsRequest->handle(Object(Illuminate\\Http\\Request), Object(Closure))
#36 /Users/farhat/WorkSpaces/LaravelWorkSpace/investor-portal - CustomziedLoginSignup/vendor/laravel/framework/src/Illuminate/Pipeline/Pipeline.php(183): Illuminate\\Foundation\\Http\\Middleware\\TrimStrings->handle(Object(Illuminate\\Http\\Request), Object(Closure))
#37 /Users/farhat/WorkSpaces/LaravelWorkSpace/investor-portal - CustomziedLoginSignup/vendor/laravel/framework/src/Illuminate/Http/Middleware/ValidatePostSize.php(27): Illuminate\\Pipeline\\Pipeline->{closure:{closure:Illuminate\\Pipeline\\Pipeline::carry():158}:159}(Object(Illuminate\\Http\\Request))
#38 /Users/farhat/WorkSpaces/LaravelWorkSpace/investor-portal - CustomziedLoginSignup/vendor/laravel/framework/src/Illuminate/Pipeline/Pipeline.php(183): Illuminate\\Http\\Middleware\\ValidatePostSize->handle(Object(Illuminate\\Http\\Request), Object(Closure))
#39 /Users/farhat/WorkSpaces/LaravelWorkSpace/investor-portal - CustomziedLoginSignup/vendor/laravel/framework/src/Illuminate/Foundation/Http/Middleware/PreventRequestsDuringMaintenance.php(110): Illuminate\\Pipeline\\Pipeline->{closure:{closure:Illuminate\\Pipeline\\Pipeline::carry():158}:159}(Object(Illuminate\\Http\\Request))
#40 /Users/farhat/WorkSpaces/LaravelWorkSpace/investor-portal - CustomziedLoginSignup/vendor/laravel/framework/src/Illuminate/Pipeline/Pipeline.php(183): Illuminate\\Foundation\\Http\\Middleware\\PreventRequestsDuringMaintenance->handle(Object(Illuminate\\Http\\Request), Object(Closure))
#41 /Users/farhat/WorkSpaces/LaravelWorkSpace/investor-portal - CustomziedLoginSignup/vendor/laravel/framework/src/Illuminate/Http/Middleware/HandleCors.php(49): Illuminate\\Pipeline\\Pipeline->{closure:{closure:Illuminate\\Pipeline\\Pipeline::carry():158}:159}(Object(Illuminate\\Http\\Request))
#42 /Users/farhat/WorkSpaces/LaravelWorkSpace/investor-portal - CustomziedLoginSignup/vendor/laravel/framework/src/Illuminate/Pipeline/Pipeline.php(183): Illuminate\\Http\\Middleware\\HandleCors->handle(Object(Illuminate\\Http\\Request), Object(Closure))
#43 /Users/farhat/WorkSpaces/LaravelWorkSpace/investor-portal - CustomziedLoginSignup/vendor/laravel/framework/src/Illuminate/Http/Middleware/TrustProxies.php(58): Illuminate\\Pipeline\\Pipeline->{closure:{closure:Illuminate\\Pipeline\\Pipeline::carry():158}:159}(Object(Illuminate\\Http\\Request))
#44 /Users/farhat/WorkSpaces/LaravelWorkSpace/investor-portal - CustomziedLoginSignup/vendor/laravel/framework/src/Illuminate/Pipeline/Pipeline.php(183): Illuminate\\Http\\Middleware\\TrustProxies->handle(Object(Illuminate\\Http\\Request), Object(Closure))
#45 /Users/farhat/WorkSpaces/LaravelWorkSpace/investor-portal - CustomziedLoginSignup/vendor/laravel/framework/src/Illuminate/Foundation/Http/Middleware/InvokeDeferredCallbacks.php(22): Illuminate\\Pipeline\\Pipeline->{closure:{closure:Illuminate\\Pipeline\\Pipeline::carry():158}:159}(Object(Illuminate\\Http\\Request))
#46 /Users/farhat/WorkSpaces/LaravelWorkSpace/investor-portal - CustomziedLoginSignup/vendor/laravel/framework/src/Illuminate/Pipeline/Pipeline.php(183): Illuminate\\Foundation\\Http\\Middleware\\InvokeDeferredCallbacks->handle(Object(Illuminate\\Http\\Request), Object(Closure))
#47 /Users/farhat/WorkSpaces/LaravelWorkSpace/investor-portal - CustomziedLoginSignup/vendor/laravel/framework/src/Illuminate/Pipeline/Pipeline.php(119): Illuminate\\Pipeline\\Pipeline->{closure:{closure:Illuminate\\Pipeline\\Pipeline::carry():158}:159}(Object(Illuminate\\Http\\Request))
#48 /Users/farhat/WorkSpaces/LaravelWorkSpace/investor-portal - CustomziedLoginSignup/vendor/laravel/framework/src/Illuminate/Foundation/Http/Kernel.php(176): Illuminate\\Pipeline\\Pipeline->then(Object(Closure))
#49 /Users/farhat/WorkSpaces/LaravelWorkSpace/investor-portal - CustomziedLoginSignup/vendor/laravel/framework/src/Illuminate/Foundation/Http/Kernel.php(145): Illuminate\\Foundation\\Http\\Kernel->sendRequestThroughRouter(Object(Illuminate\\Http\\Request))
#50 /Users/farhat/WorkSpaces/LaravelWorkSpace/investor-portal - CustomziedLoginSignup/vendor/laravel/framework/src/Illuminate/Foundation/Application.php(1190): Illuminate\\Foundation\\Http\\Kernel->handle(Object(Illuminate\\Http\\Request))
#51 /Users/farhat/WorkSpaces/LaravelWorkSpace/investor-portal - CustomziedLoginSignup/public/index.php(17): Illuminate\\Foundation\\Application->handleRequest(Object(Illuminate\\Http\\Request))
#52 /Users/farhat/WorkSpaces/LaravelWorkSpace/investor-portal - CustomziedLoginSignup/vendor/laravel/framework/src/Illuminate/Foundation/resources/server.php(23): require_once('/Users/farhat/W...')
#53 {main}
"} 
